<?xml version="1.0" encoding="UTF-8"?>
<!-- Generated by org.testng.reporters.JUnitXMLReporter -->
<testsuite ignored="0" hostname="PK-QAT-LP-229" failures="0" tests="4" name="Test" time="9.655" errors="0" timestamp="2024-10-03T17:19:27 IST">
  <testcase classname="api.test.UserTests" name="TestWLLPostUser" time="3.579"/>
  <testcase classname="api.test.UserTests" name="TestWLLGetUser" time="1.153"/>
  <testcase classname="api.test.UserTests" name="TestWLLUpdateUser" time="2.424"/>
  <testcase classname="api.test.UserTests" name="TestWllLogout" time="1.982"/>
</testsuite> <!-- Test -->
