<?xml version="1.0" encoding="UTF-8"?>
<!-- Generated by org.testng.reporters.JUnitXMLReporter -->
<testsuite ignored="0" hostname="PK-QAT-LP-229" failures="0" tests="4" name="Default test" time="8.639" errors="0" timestamp="2024-10-03T15:18:26 IST">
  <testcase classname="api.test.UserTests" name="TestWLLPostUser" time="3.821"/>
  <testcase classname="api.test.UserTests" name="TestWLLGetUser" time="0.826"/>
  <testcase classname="api.test.UserTests" name="TestWLLUpdateUser" time="2.593"/>
  <testcase classname="api.test.UserTests" name="TestWllLogout" time="0.876"/>
</testsuite> <!-- Default test -->
