<?xml version="1.0" encoding="UTF-8"?>
<!-- Generated by org.testng.reporters.JUnitXMLReporter -->
<testsuite ignored="0" hostname="PK-QAT-LP-229" failures="0" tests="5" name="Default test" time="9.271" errors="0" timestamp="2024-10-07T21:17:51 IST">
  <testcase classname="api.test.UserTests" name="TestWLLPostUser" time="4.27"/>
  <testcase classname="api.test.UserTests" name="TestWLLGetUser" time="0.85"/>
  <testcase classname="api.test.UserTests" name="TestWLLUpdateUser" time="1.59"/>
  <testcase classname="api.test.UserTests" name="TestWllJobCancel" time="0.975"/>
  <testcase classname="api.test.UserTests" name="TestWllLogout" time="0.782"/>
</testsuite> <!-- Default test -->
