<?xml version="1.0" encoding="UTF-8"?>
<testng-results ignored="0" total="4" passed="4" failed="0" skipped="0">
  <reporter-output>
  </reporter-output>
  <suite started-at="2024-10-03T15:57:06 IST" name="APISuite" finished-at="2024-10-03T15:57:13 IST" duration-ms="7329">
    <groups>
    </groups>
    <test started-at="2024-10-03T15:57:06 IST" name="Test" finished-at="2024-10-03T15:57:13 IST" duration-ms="7329">
      <class name="api.test.UserTests">
        <test-method is-config="true" signature="setUpReport()[pri:0, instance:api.test.UserTests@18271936]" started-at="2024-10-03T15:57:06 IST" name="setUpReport" finished-at="2024-10-03T15:57:06 IST" duration-ms="179" status="PASS">
          <reporter-output>
          </reporter-output>
        </test-method> <!-- setUpReport -->
        <test-method is-config="true" signature="setupData()[pri:0, instance:api.test.UserTests@18271936]" started-at="2024-10-03T15:57:06 IST" name="setupData" finished-at="2024-10-03T15:57:06 IST" duration-ms="0" status="PASS">
          <reporter-output>
          </reporter-output>
        </test-method> <!-- setupData -->
        <test-method is-config="true" signature="beforeMethod()[pri:0, instance:api.test.UserTests@18271936]" started-at="2024-10-03T15:57:06 IST" name="beforeMethod" finished-at="2024-10-03T15:57:06 IST" duration-ms="4" status="PASS">
          <reporter-output>
          </reporter-output>
        </test-method> <!-- beforeMethod -->
        <test-method signature="TestWLLPostUser()[pri:1, instance:api.test.UserTests@18271936]" started-at="2024-10-03T15:57:06 IST" name="TestWLLPostUser" finished-at="2024-10-03T15:57:10 IST" duration-ms="3746" status="PASS">
          <reporter-output>
          </reporter-output>
        </test-method> <!-- TestWLLPostUser -->
        <test-method is-config="true" signature="afterMethod()[pri:0, instance:api.test.UserTests@18271936]" started-at="2024-10-03T15:57:10 IST" name="afterMethod" finished-at="2024-10-03T15:57:10 IST" duration-ms="197" status="PASS">
          <reporter-output>
          </reporter-output>
        </test-method> <!-- afterMethod -->
        <test-method signature="TestWLLGetUser()[pri:2, instance:api.test.UserTests@18271936]" started-at="2024-10-03T15:57:10 IST" name="TestWLLGetUser" finished-at="2024-10-03T15:57:10 IST" duration-ms="773" status="PASS">
          <reporter-output>
          </reporter-output>
        </test-method> <!-- TestWLLGetUser -->
        <test-method is-config="true" signature="beforeMethod()[pri:0, instance:api.test.UserTests@18271936]" started-at="2024-10-03T15:57:10 IST" name="beforeMethod" finished-at="2024-10-03T15:57:10 IST" duration-ms="0" status="PASS">
          <reporter-output>
          </reporter-output>
        </test-method> <!-- beforeMethod -->
        <test-method is-config="true" signature="afterMethod()[pri:0, instance:api.test.UserTests@18271936]" started-at="2024-10-03T15:57:11 IST" name="afterMethod" finished-at="2024-10-03T15:57:11 IST" duration-ms="21" status="PASS">
          <reporter-output>
          </reporter-output>
        </test-method> <!-- afterMethod -->
        <test-method signature="TestWLLUpdateUser()[pri:3, instance:api.test.UserTests@18271936]" started-at="2024-10-03T15:57:11 IST" name="TestWLLUpdateUser" finished-at="2024-10-03T15:57:12 IST" duration-ms="1512" status="PASS">
          <reporter-output>
          </reporter-output>
        </test-method> <!-- TestWLLUpdateUser -->
        <test-method is-config="true" signature="beforeMethod()[pri:0, instance:api.test.UserTests@18271936]" started-at="2024-10-03T15:57:11 IST" name="beforeMethod" finished-at="2024-10-03T15:57:11 IST" duration-ms="0" status="PASS">
          <reporter-output>
          </reporter-output>
        </test-method> <!-- beforeMethod -->
        <test-method is-config="true" signature="afterMethod()[pri:0, instance:api.test.UserTests@18271936]" started-at="2024-10-03T15:57:12 IST" name="afterMethod" finished-at="2024-10-03T15:57:12 IST" duration-ms="26" status="PASS">
          <reporter-output>
          </reporter-output>
        </test-method> <!-- afterMethod -->
        <test-method signature="TestWllLogout()[pri:4, instance:api.test.UserTests@18271936]" started-at="2024-10-03T15:57:12 IST" name="TestWllLogout" finished-at="2024-10-03T15:57:13 IST" duration-ms="789" status="PASS">
          <reporter-output>
          </reporter-output>
        </test-method> <!-- TestWllLogout -->
        <test-method is-config="true" signature="beforeMethod()[pri:0, instance:api.test.UserTests@18271936]" started-at="2024-10-03T15:57:12 IST" name="beforeMethod" finished-at="2024-10-03T15:57:12 IST" duration-ms="0" status="PASS">
          <reporter-output>
          </reporter-output>
        </test-method> <!-- beforeMethod -->
        <test-method is-config="true" signature="afterMethod()[pri:0, instance:api.test.UserTests@18271936]" started-at="2024-10-03T15:57:13 IST" name="afterMethod" finished-at="2024-10-03T15:57:13 IST" duration-ms="25" status="PASS">
          <reporter-output>
          </reporter-output>
        </test-method> <!-- afterMethod -->
        <test-method is-config="true" signature="tearDownReport()[pri:0, instance:api.test.UserTests@18271936]" started-at="2024-10-03T15:57:13 IST" name="tearDownReport" finished-at="2024-10-03T15:57:13 IST" duration-ms="23" status="PASS">
          <reporter-output>
          </reporter-output>
        </test-method> <!-- tearDownReport -->
      </class> <!-- api.test.UserTests -->
    </test> <!-- Test -->
  </suite> <!-- APISuite -->
</testng-results>
