<?xml version="1.0" encoding="UTF-8"?>
<testng-results ignored="0" total="5" passed="5" failed="0" skipped="0">
  <reporter-output>
  </reporter-output>
  <suite started-at="2024-10-07T21:17:42 IST" name="Default suite" finished-at="2024-10-07T21:17:51 IST" duration-ms="9271">
    <groups>
    </groups>
    <test started-at="2024-10-07T21:17:42 IST" name="Default test" finished-at="2024-10-07T21:17:51 IST" duration-ms="9271">
      <class name="api.test.UserTests">
        <test-method is-config="true" signature="setUpReport()[pri:0, instance:api.test.UserTests@606e4010]" started-at="2024-10-07T21:17:42 IST" name="setUpReport" finished-at="2024-10-07T21:17:42 IST" duration-ms="256" status="PASS">
          <reporter-output>
          </reporter-output>
        </test-method> <!-- setUpReport -->
        <test-method is-config="true" signature="setupData()[pri:0, instance:api.test.UserTests@606e4010]" started-at="2024-10-07T21:17:42 IST" name="setupData" finished-at="2024-10-07T21:17:42 IST" duration-ms="1" status="PASS">
          <reporter-output>
          </reporter-output>
        </test-method> <!-- setupData -->
        <test-method is-config="true" signature="beforeMethod()[pri:0, instance:api.test.UserTests@606e4010]" started-at="2024-10-07T21:17:42 IST" name="beforeMethod" finished-at="2024-10-07T21:17:42 IST" duration-ms="5" status="PASS">
          <reporter-output>
          </reporter-output>
        </test-method> <!-- beforeMethod -->
        <test-method signature="TestWLLPostUser()[pri:1, instance:api.test.UserTests@606e4010]" started-at="2024-10-07T21:17:42 IST" name="TestWLLPostUser" finished-at="2024-10-07T21:17:47 IST" duration-ms="4270" status="PASS">
          <reporter-output>
          </reporter-output>
        </test-method> <!-- TestWLLPostUser -->
        <test-method is-config="true" signature="afterMethod()[pri:0, instance:api.test.UserTests@606e4010]" started-at="2024-10-07T21:17:47 IST" name="afterMethod" finished-at="2024-10-07T21:17:47 IST" duration-ms="312" status="PASS">
          <reporter-output>
          </reporter-output>
        </test-method> <!-- afterMethod -->
        <test-method is-config="true" signature="beforeMethod()[pri:0, instance:api.test.UserTests@606e4010]" started-at="2024-10-07T21:17:47 IST" name="beforeMethod" finished-at="2024-10-07T21:17:47 IST" duration-ms="1" status="PASS">
          <reporter-output>
          </reporter-output>
        </test-method> <!-- beforeMethod -->
        <test-method signature="TestWLLGetUser()[pri:2, instance:api.test.UserTests@606e4010]" started-at="2024-10-07T21:17:47 IST" name="TestWLLGetUser" finished-at="2024-10-07T21:17:48 IST" duration-ms="850" status="PASS">
          <reporter-output>
          </reporter-output>
        </test-method> <!-- TestWLLGetUser -->
        <test-method is-config="true" signature="afterMethod()[pri:0, instance:api.test.UserTests@606e4010]" started-at="2024-10-07T21:17:48 IST" name="afterMethod" finished-at="2024-10-07T21:17:48 IST" duration-ms="39" status="PASS">
          <reporter-output>
          </reporter-output>
        </test-method> <!-- afterMethod -->
        <test-method signature="TestWLLUpdateUser()[pri:3, instance:api.test.UserTests@606e4010]" started-at="2024-10-07T21:17:48 IST" name="TestWLLUpdateUser" finished-at="2024-10-07T21:17:50 IST" duration-ms="1590" status="PASS">
          <reporter-output>
          </reporter-output>
        </test-method> <!-- TestWLLUpdateUser -->
        <test-method is-config="true" signature="beforeMethod()[pri:0, instance:api.test.UserTests@606e4010]" started-at="2024-10-07T21:17:48 IST" name="beforeMethod" finished-at="2024-10-07T21:17:48 IST" duration-ms="0" status="PASS">
          <reporter-output>
          </reporter-output>
        </test-method> <!-- beforeMethod -->
        <test-method is-config="true" signature="afterMethod()[pri:0, instance:api.test.UserTests@606e4010]" started-at="2024-10-07T21:17:50 IST" name="afterMethod" finished-at="2024-10-07T21:17:50 IST" duration-ms="33" status="PASS">
          <reporter-output>
          </reporter-output>
        </test-method> <!-- afterMethod -->
        <test-method signature="TestWllJobCancel()[pri:4, instance:api.test.UserTests@606e4010]" started-at="2024-10-07T21:17:50 IST" name="TestWllJobCancel" finished-at="2024-10-07T21:17:51 IST" duration-ms="975" status="PASS">
          <reporter-output>
          </reporter-output>
        </test-method> <!-- TestWllJobCancel -->
        <test-method is-config="true" signature="beforeMethod()[pri:0, instance:api.test.UserTests@606e4010]" started-at="2024-10-07T21:17:50 IST" name="beforeMethod" finished-at="2024-10-07T21:17:50 IST" duration-ms="0" status="PASS">
          <reporter-output>
          </reporter-output>
        </test-method> <!-- beforeMethod -->
        <test-method is-config="true" signature="afterMethod()[pri:0, instance:api.test.UserTests@606e4010]" started-at="2024-10-07T21:17:51 IST" name="afterMethod" finished-at="2024-10-07T21:17:51 IST" duration-ms="28" status="PASS">
          <reporter-output>
          </reporter-output>
        </test-method> <!-- afterMethod -->
        <test-method signature="TestWllLogout()[pri:5, instance:api.test.UserTests@606e4010]" started-at="2024-10-07T21:17:51 IST" name="TestWllLogout" finished-at="2024-10-07T21:17:51 IST" duration-ms="782" status="PASS">
          <reporter-output>
          </reporter-output>
        </test-method> <!-- TestWllLogout -->
        <test-method is-config="true" signature="beforeMethod()[pri:0, instance:api.test.UserTests@606e4010]" started-at="2024-10-07T21:17:51 IST" name="beforeMethod" finished-at="2024-10-07T21:17:51 IST" duration-ms="0" status="PASS">
          <reporter-output>
          </reporter-output>
        </test-method> <!-- beforeMethod -->
        <test-method is-config="true" signature="afterMethod()[pri:0, instance:api.test.UserTests@606e4010]" started-at="2024-10-07T21:17:51 IST" name="afterMethod" finished-at="2024-10-07T21:17:51 IST" duration-ms="37" status="PASS">
          <reporter-output>
          </reporter-output>
        </test-method> <!-- afterMethod -->
        <test-method is-config="true" signature="tearDownReport()[pri:0, instance:api.test.UserTests@606e4010]" started-at="2024-10-07T21:17:51 IST" name="tearDownReport" finished-at="2024-10-07T21:17:51 IST" duration-ms="34" status="PASS">
          <reporter-output>
          </reporter-output>
        </test-method> <!-- tearDownReport -->
      </class> <!-- api.test.UserTests -->
    </test> <!-- Default test -->
  </suite> <!-- Default suite -->
</testng-results>
