<?xml version="1.0" encoding="UTF-8"?>
<!-- Generated by org.testng.reporters.JUnitXMLReporter -->
<testsuite ignored="0" hostname="PK-QAT-LP-229" failures="0" tests="4" name="Test" time="7.329" errors="0" timestamp="2024-10-03T15:57:13 IST">
  <testcase classname="api.test.UserTests" name="TestWLLPostUser" time="3.746"/>
  <testcase classname="api.test.UserTests" name="TestWLLGetUser" time="0.773"/>
  <testcase classname="api.test.UserTests" name="TestWLLUpdateUser" time="1.512"/>
  <testcase classname="api.test.UserTests" name="TestWllLogout" time="0.789"/>
</testsuite> <!-- Test -->
